<?xml version="1.0" encoding="UTF-8"?>
<!-- Generated by org.testng.reporters.JUnitReportReporter -->
<testsuite hostname="BHUKRK151806L" name="JenkinsDemo.NewTest" tests="2" failures="0" timestamp="16 Nov 2019 12:50:35 GMT" time="0.031" errors="0">
  <testcase name="launchBrowser" time="0.029" classname="JenkinsDemo.NewTest"/>
  <testcase name="launchBrowser1" time="0.002" classname="JenkinsDemo.NewTest"/>
</testsuite> <!-- JenkinsDemo.NewTest -->
