<?xml version="1.0" encoding="UTF-8"?>
<!-- Generated by org.testng.reporters.JUnitReportReporter -->
<testsuite hostname="BHUKRK151806L" name="JenkinsDemo.NewTest" tests="2" failures="0" timestamp="17 Nov 2019 11:34:46 GMT" time="0.787" errors="0">
  <testcase name="launchBrowser" time="0.008" classname="JenkinsDemo.NewTest"/>
  <testcase name="launchBrowser1" time="0.779" classname="JenkinsDemo.NewTest"/>
</testsuite> <!-- JenkinsDemo.NewTest -->
